<html>
<head>
<title>TestNG:  Surefire test</title>
<link href="../testng.css" rel="stylesheet" type="text/css" />
<link href="../my-testng.css" rel="stylesheet" type="text/css" />

<style type="text/css">
.log { display: none;} 
.stack-trace { display: none;} 
</style>
<script type="text/javascript">
<!--
function flip(e) {
  current = e.style.display;
  if (current == 'block') {
    e.style.display = 'none';
    return 0;
  }
  else {
    e.style.display = 'block';
    return 1;
  }
}

function toggleBox(szDivId, elem, msg1, msg2)
{
  var res = -1;  if (document.getElementById) {
    res = flip(document.getElementById(szDivId));
  }
  else if (document.all) {
    // this is the way old msie versions work
    res = flip(document.all[szDivId]);
  }
  if(elem) {
    if(res == 0) elem.innerHTML = msg1; else elem.innerHTML = msg2;
  }

}

function toggleAllBoxes() {
  if (document.getElementsByTagName) {
    d = document.getElementsByTagName('div');
    for (i = 0; i < d.length; i++) {
      if (d[i].className == 'log') {
        flip(d[i]);
      }
    }
  }
}

// -->
</script>

</head>
<body>
<h2 align='center'>Surefire test</h2><table border='1' align="center">
<tr>
<td>Tests passed/Failed/Skipped:</td><td>16/3/0</td>
</tr><tr>
<td>Started on:</td><td>Sat Oct 15 17:17:02 EET 2022</td>
</tr>
<tr><td>Total time:</td><td>179 seconds (179797 ms)</td>
</tr><tr>
<td>Included groups:</td><td></td>
</tr><tr>
<td>Excluded groups:</td><td></td>
</tr>
</table><p/>
<small><i>(Hover the method name to see the test class name)</i></small><p/>
<table width='100%' border='1' class='invocation-failed'>
<tr><td colspan='4' align='center'><b>FAILED TESTS</b></td></tr>
<tr><td><b>Test method</b></td>
<td width="30%"><b>Exception</b></td>
<td width="10%"><b>Time (seconds)</b></td>
<td><b>Instance</b></td>
</tr>
<tr>
<td title='runners.testrunner.runScenario()'><b>runScenario</b><br>Test class: runners.testrunner<br>Test method: Runs Cucumber Scenarios<br>Parameters: "first slider is clickable on home page", "F06_HomeSliders | user can select all HomeSliders"</td>
<td><div><pre>java.lang.AssertionError: The following asserts failed:
	Page Is Wrong expected [true] but found [false]
	at stepDefinitions.D06_homeSlidersStepDef.click_on_image(D06_homeSlidersStepDef.java:29)
	at ?.new page is opened with expected url &quot;https://demo.nopcommerce.com/nokia-lumia-1020&quot;(file:///D:/E-commerce%20app/NEW_E_COMMERCE/src/main/resources/features/F06_homeSliders.feature:5)
... Removed 2 stack frames</pre></div><a href='#' onClick='toggleBox("stack-trace805184575", this, "Click to show all stack frames", "Click to hide stack frames")'>Click to show all stack frames</a>
<div class='stack-trace' id='stack-trace805184575'><pre>java.lang.AssertionError: The following asserts failed:
	Page Is Wrong expected [true] but found [false]
	at org.testng.asserts.SoftAssert.assertAll(SoftAssert.java:46)
	at org.testng.asserts.SoftAssert.assertAll(SoftAssert.java:30)
	at stepDefinitions.D06_homeSlidersStepDef.click_on_image(D06_homeSlidersStepDef.java:29)
	at ?.new page is opened with expected url &quot;https://demo.nopcommerce.com/nokia-lumia-1020&quot;(file:///D:/E-commerce%20app/NEW_E_COMMERCE/src/main/resources/features/F06_homeSliders.feature:5)
</pre></div></td>
<td>8</td>
<td>runners.testrunner@42d8062c</td></tr>
<tr>
<td title='runners.testrunner.runScenario()'><b>runScenario</b><br>Test class: runners.testrunner<br>Test method: Runs Cucumber Scenarios<br>Parameters: "second slider is clickable on home page", "F06_HomeSliders | user can select all HomeSliders"</td>
<td><div><pre>java.lang.AssertionError: The following asserts failed:
	Page Is Wrong expected [true] but found [false]
	at stepDefinitions.D06_homeSlidersStepDef.click_on_image(D06_homeSlidersStepDef.java:29)
	at ?.new page is opened with expected url &quot;https://demo.nopcommerce.com/iphone-6&quot;(file:///D:/E-commerce%20app/NEW_E_COMMERCE/src/main/resources/features/F06_homeSliders.feature:9)
... Removed 2 stack frames</pre></div><a href='#' onClick='toggleBox("stack-trace1381341801", this, "Click to show all stack frames", "Click to hide stack frames")'>Click to show all stack frames</a>
<div class='stack-trace' id='stack-trace1381341801'><pre>java.lang.AssertionError: The following asserts failed:
	Page Is Wrong expected [true] but found [false]
	at org.testng.asserts.SoftAssert.assertAll(SoftAssert.java:46)
	at org.testng.asserts.SoftAssert.assertAll(SoftAssert.java:30)
	at stepDefinitions.D06_homeSlidersStepDef.click_on_image(D06_homeSlidersStepDef.java:29)
	at ?.new page is opened with expected url &quot;https://demo.nopcommerce.com/iphone-6&quot;(file:///D:/E-commerce%20app/NEW_E_COMMERCE/src/main/resources/features/F06_homeSliders.feature:9)
</pre></div></td>
<td>8</td>
<td>runners.testrunner@42d8062c</td></tr>
<tr>
<td title='runners.testrunner.runScenario()'><b>runScenario</b><br>Test class: runners.testrunner<br>Test method: Runs Cucumber Scenarios<br>Parameters: "user opens rss link", "F07_FollowUs | users could open followUs links"</td>
<td><div><pre>java.lang.IndexOutOfBoundsException: Index: 1, Size: 1
	at java.util.ArrayList.rangeCheck(ArrayList.java:659)
	at java.util.ArrayList.get(ArrayList.java:435)
	at stepDefinitions.D07_followUsStepDef.follow_us_link_opens(D07_followUsStepDef.java:57)
	at ?.&quot;https://demo.nopcommerce.com/new-online-store-is-open&quot; is opened in new tab(file:///D:/E-commerce%20app/NEW_E_COMMERCE/src/main/resources/features/F07_followUs.feature:14)
</pre></div><a href='#' onClick='toggleBox("stack-trace1160112616", this, "Click to show all stack frames", "Click to hide stack frames")'>Click to show all stack frames</a>
<div class='stack-trace' id='stack-trace1160112616'><pre>java.lang.IndexOutOfBoundsException: Index: 1, Size: 1
	at java.util.ArrayList.rangeCheck(ArrayList.java:659)
	at java.util.ArrayList.get(ArrayList.java:435)
	at stepDefinitions.D07_followUsStepDef.follow_us_link_opens(D07_followUsStepDef.java:57)
	at ?.&quot;https://demo.nopcommerce.com/new-online-store-is-open&quot; is opened in new tab(file:///D:/E-commerce%20app/NEW_E_COMMERCE/src/main/resources/features/F07_followUs.feature:14)
</pre></div></td>
<td>8</td>
<td>runners.testrunner@42d8062c</td></tr>
</table><p>
<table width='100%' border='1' class='invocation-passed'>
<tr><td colspan='4' align='center'><b>PASSED TESTS</b></td></tr>
<tr><td><b>Test method</b></td>
<td width="30%"><b>Exception</b></td>
<td width="10%"><b>Time (seconds)</b></td>
<td><b>Instance</b></td>
</tr>
<tr>
<td title='runners.testrunner.runScenario()'><b>runScenario</b><br>Test class: runners.testrunner<br>Test method: Runs Cucumber Scenarios<br>Parameters: "User Search By sku", "F04_Search | user can use search feature"</td>
<td></td>
<td>10</td>
<td>runners.testrunner@42d8062c</td></tr>
<tr>
<td title='runners.testrunner.runScenario()'><b>runScenario</b><br>Test class: runners.testrunner<br>Test method: Runs Cucumber Scenarios<br>Parameters: "User Search By Name", "F04_Search | user can use search feature"</td>
<td></td>
<td>7</td>
<td>runners.testrunner@42d8062c</td></tr>
<tr>
<td title='runners.testrunner.runScenario()'><b>runScenario</b><br>Test class: runners.testrunner<br>Test method: Runs Cucumber Scenarios<br>Parameters: "User Search By sku", "F04_Search | user can use search feature"</td>
<td></td>
<td>8</td>
<td>runners.testrunner@42d8062c</td></tr>
<tr>
<td title='runners.testrunner.runScenario()'><b>runScenario</b><br>Test class: runners.testrunner<br>Test method: Runs Cucumber Scenarios<br>Parameters: "Change Currency", "F03_Currencies | user can change currency"</td>
<td></td>
<td>7</td>
<td>runners.testrunner@42d8062c</td></tr>
<tr>
<td title='runners.testrunner.runScenario()'><b>runScenario</b><br>Test class: runners.testrunner<br>Test method: Runs Cucumber Scenarios<br>Parameters: "user opens twitter link", "F07_FollowUs | users could open followUs links"</td>
<td></td>
<td>9</td>
<td>runners.testrunner@42d8062c</td></tr>
<tr>
<td title='runners.testrunner.runScenario()'><b>runScenario</b><br>Test class: runners.testrunner<br>Test method: Runs Cucumber Scenarios<br>Parameters: "add product to wishlist and check Qty", "F05_WishList | user can add featured products to WishList"</td>
<td></td>
<td>13</td>
<td>runners.testrunner@42d8062c</td></tr>
<tr>
<td title='runners.testrunner.runScenario()'><b>runScenario</b><br>Test class: runners.testrunner<br>Test method: Runs Cucumber Scenarios<br>Parameters: "user opens youtube link", "F07_FollowUs | users could open followUs links"</td>
<td></td>
<td>9</td>
<td>runners.testrunner@42d8062c</td></tr>
<tr>
<td title='runners.testrunner.runScenario()'><b>runScenario</b><br>Test class: runners.testrunner<br>Test method: Runs Cucumber Scenarios<br>Parameters: "user could login with valid email and password", "F02_Login | users could use login functionality to use their accounts"</td>
<td></td>
<td>9</td>
<td>runners.testrunner@42d8062c</td></tr>
<tr>
<td title='runners.testrunner.runScenario()'><b>runScenario</b><br>Test class: runners.testrunner<br>Test method: Runs Cucumber Scenarios<br>Parameters: "user opens facebook link", "F07_FollowUs | users could open followUs links"</td>
<td></td>
<td>8</td>
<td>runners.testrunner@42d8062c</td></tr>
<tr>
<td title='runners.testrunner.runScenario()'><b>runScenario</b><br>Test class: runners.testrunner<br>Test method: Runs Cucumber Scenarios<br>Parameters: "add product to wishlist", "F05_WishList | user can add featured products to WishList"</td>
<td></td>
<td>6</td>
<td>runners.testrunner@42d8062c</td></tr>
<tr>
<td title='runners.testrunner.runScenario()'><b>runScenario</b><br>Test class: runners.testrunner<br>Test method: Runs Cucumber Scenarios<br>Parameters: "user select Random Category", "F05_Hover_Categories | user can select any Category and its SubCategory (if it exists)"</td>
<td></td>
<td>10</td>
<td>runners.testrunner@42d8062c</td></tr>
<tr>
<td title='runners.testrunner.runScenario()'><b>runScenario</b><br>Test class: runners.testrunner<br>Test method: Runs Cucumber Scenarios<br>Parameters: "User Search By sku", "F04_Search | user can use search feature"</td>
<td></td>
<td>9</td>
<td>runners.testrunner@42d8062c</td></tr>
<tr>
<td title='runners.testrunner.runScenario()'><b>runScenario</b><br>Test class: runners.testrunner<br>Test method: Runs Cucumber Scenarios<br>Parameters: "user could login with invalid email and password", "F02_Login | users could use login functionality to use their accounts"</td>
<td></td>
<td>9</td>
<td>runners.testrunner@42d8062c</td></tr>
<tr>
<td title='runners.testrunner.runScenario()'><b>runScenario</b><br>Test class: runners.testrunner<br>Test method: Runs Cucumber Scenarios<br>Parameters: "User Search By Name", "F04_Search | user can use search feature"</td>
<td></td>
<td>7</td>
<td>runners.testrunner@42d8062c</td></tr>
<tr>
<td title='runners.testrunner.runScenario()'><b>runScenario</b><br>Test class: runners.testrunner<br>Test method: Runs Cucumber Scenarios<br>Parameters: "guest user could register with valid data successfully", "F01_Register | users could register with new accounts"</td>
<td></td>
<td>19</td>
<td>runners.testrunner@42d8062c</td></tr>
<tr>
<td title='runners.testrunner.runScenario()'><b>runScenario</b><br>Test class: runners.testrunner<br>Test method: Runs Cucumber Scenarios<br>Parameters: "User Search By Name", "F04_Search | user can use search feature"</td>
<td></td>
<td>7</td>
<td>runners.testrunner@42d8062c</td></tr>
</table><p>
</body>
</html>